2025-06-22 04:43:00,938 - semgrep.run_scan - DEBUG - semgrep version 1.4.0
2025-06-22 04:43:00,944 - semgrep.config_resolver - DEBUG - Loading local config from /home/runner/workspace/.config/.semgrep/semgrep_rules.json
2025-06-22 04:43:01,056 - semgrep.config_resolver - DEBUG - Done loading local config from /home/runner/workspace/.config/.semgrep/semgrep_rules.json
2025-06-22 04:43:01,060 - semgrep.config_resolver - DEBUG - Saving rules to /tmp/semgrep-cijobyyb.rules
2025-06-22 04:43:01,716 - semgrep.rule_lang - DEBUG - semgrep-core validation response: valid=True
2025-06-22 04:43:01,716 - semgrep.rule_lang - DEBUG - semgrep-core validation succeeded
2025-06-22 04:43:01,716 - semgrep.rule_lang - DEBUG - RPC validation succeeded
2025-06-22 04:43:01,717 - semgrep.config_resolver - DEBUG - loaded 1 configs in 0.7731382846832275
2025-06-22 04:43:01,804 - semgrep.run_scan - VERBOSE - running 714 rules from 1 config /home/runner/workspace/.config/.semgrep/semgrep_rules.json_0
2025-06-22 04:43:01,805 - semgrep.run_scan - VERBOSE - No .semgrepignore found. Using default .semgrepignore rules. See the docs for the list of default ignores: https://semgrep.dev/docs/cli-usage/#ignore-files
2025-06-22 04:43:01,807 - semgrep.run_scan - VERBOSE - Rules:
2025-06-22 04:43:01,807 - semgrep.run_scan - VERBOSE - <SKIPPED DATA (too many entries; use --max-log-list-entries)>
2025-06-22 04:43:01,898 - semgrep.core_runner - DEBUG - Passing whole rules directly to semgrep_core
2025-06-22 04:43:01,965 - semgrep.core_runner - DEBUG - Running Semgrep engine with command:
2025-06-22 04:43:01,965 - semgrep.core_runner - DEBUG - /tmp/_MEIahdn1r/semgrep/bin/opengrep-core -json -rules /tmp/tmpjvnxclhn.json -j 8 -targets /tmp/tmphuocc859 -timeout 5 -timeout_threshold 3 -max_memory 0 -fast
2025-06-22 04:43:02,845 - semgrep.core_runner - DEBUG - --- semgrep-core stderr ---
[00.07][[34mINFO[0m]: Executed as: /tmp/_MEIahdn1r/semgrep/bin/opengrep-core -json -rules /tmp/tmpjvnxclhn.json -j 8 -targets /tmp/tmphuocc859 -timeout 5 -timeout_threshold 3 -max_memory 0 -fast
[00.07][[34mINFO[0m]: Version: 1.4.0
[00.07][[34mINFO[0m]: Parsing rules in /tmp/tmpjvnxclhn.json
[00.65][[34mINFO[0m]: scan: processing 20 files (skipping 0), with 269 rules (skipping 0 )
--- end semgrep-core stderr ---
2025-06-22 04:43:02,850 - semgrep.rule_match - DEBUG - match_key = ('', PosixPath('checkout.php'), 'config..semgrep.vendored-rules.generic.secrets.gitleaks.stripe-access-token') match_id = ea3835ad0f0232eb42c15d5951454631750e69ffc8383aa413b35e109399c3639732a6d720afb0040ee998f0b6abfdbfde2655296e4c6669513cb1a64e8ad739_0
2025-06-22 04:43:02,851 - semgrep.rule_match - DEBUG - match_key = ('(?i)\\b((sk|rk)_(test|live|prod)_[0-9a-z]{10,99})(?:[\'|\\"|\\n|\\r|\\s|\\x60|;]|$)', PosixPath('checkout.php'), 'config..semgrep.vendored-rules.generic.secrets.gitleaks.stripe-access-token') match_id = 5ea6e8b8d86a036ce0e219b4cfc029cc70073c6754e077f8368fa24b752e8de1f8fd7f1b78b5b40f4dd5563a1b368f5394706e1362ef889beebd8c5cb45bf27c_0
2025-06-22 04:43:02,851 - semgrep.rule_match - DEBUG - match_key = ('(?i)\\b((sk|rk)_(test|live|prod)_[0-9a-z]{10,99})(?:[\'|\\"|\\n|\\r|\\s|\\x60|;]|$)', PosixPath('checkout.php'), 'config..semgrep.vendored-rules.generic.secrets.gitleaks.stripe-access-token') match_id = 5ea6e8b8d86a036ce0e219b4cfc029cc70073c6754e077f8368fa24b752e8de1f8fd7f1b78b5b40f4dd5563a1b368f5394706e1362ef889beebd8c5cb45bf27c_0
2025-06-22 04:43:02,851 - semgrep.rule_match - DEBUG - match_key = ('(?i)\\b((sk|rk)_(test|live|prod)_[0-9a-z]{10,99})(?:[\'|\\"|\\n|\\r|\\s|\\x60|;]|$)', PosixPath('checkout.php'), 'config..semgrep.vendored-rules.generic.secrets.gitleaks.stripe-access-token') match_id = 5ea6e8b8d86a036ce0e219b4cfc029cc70073c6754e077f8368fa24b752e8de1f8fd7f1b78b5b40f4dd5563a1b368f5394706e1362ef889beebd8c5cb45bf27c_0
2025-06-22 04:43:02,853 - semgrep.core_runner - DEBUG - semgrep ran in 0:00:00.955258 on 8 files
2025-06-22 04:43:02,854 - semgrep.core_runner - DEBUG - findings summary: 0 warning, 0 error, 1 info
2025-06-22 04:43:02,856 - semgrep.app.auth - DEBUG - Getting API token from settings file
2025-06-22 04:43:02,856 - semgrep.app.auth - DEBUG - No API token found in settings file
2025-06-22 04:43:02,970 - semgrep.output - VERBOSE - 
========================================
Files skipped:
========================================

  Always skipped by Opengrep:

   • <none>

  Skipped by .gitignore:
  (Disable by passing --no-git-ignore)

   • <all files not listed by `git ls-files` were skipped>

  Skipped by .semgrepignore:
  - https://semgrep.dev/docs/ignoring-files-folders-code/#understand-semgrep-defaults

   • <none>

  Skipped by --include patterns:

   • <none>

  Skipped by --exclude patterns:

   • <none>

  Files skipped due to insufficient read permissions:

   • <none>

  Skipped by limiting to files smaller than 1000000 bytes:
  (Adjust with the --max-target-bytes flag)

   • <none>

  Partially analyzed due to parsing or internal Opengrep errors

   • <none>

2025-06-22 04:43:02,971 - semgrep.output - INFO - Some files were skipped or only partially analyzed.
  Scan was limited to files tracked by git.

Ran 230 rules on 8 files: 1 finding.
2025-06-22 04:43:02,971 - semgrep.app.version - DEBUG - Version cache does not exist
2025-06-22 04:43:02,987 - semgrep.metrics - VERBOSE - Not sending pseudonymous metrics since metrics are configured to OFF and registry usage is False
